2017-04-03 13:49:13,201 INFO o.a.l.l.Logger [main] actual 11 
2017-04-03 13:49:13,253 INFO o.a.l.l.Logger [main] expected 11 
2017-04-03 13:49:13,276 INFO o.a.l.l.Logger [main] actual 11 
2017-04-03 13:49:13,293 INFO o.a.l.l.Logger [main] expected 11 
2017-04-03 13:49:13,313 INFO o.a.l.l.Logger [main] actual 11 
2017-04-03 13:49:13,333 INFO o.a.l.l.Logger [main] expected 11 
2017-04-03 13:49:13,353 INFO o.a.l.l.Logger [main] actual 11 
2017-04-03 13:49:13,370 INFO o.a.l.l.Logger [main] expected 11 
2017-04-03 13:49:13,391 INFO o.a.l.l.Logger [main] actual 11 
2017-04-03 13:49:13,407 INFO o.a.l.l.Logger [main] expected 11 
2017-04-03 13:49:13,407 INFO o.a.l.l.Logger [main] Количество найденных аптек(с параметрами цена/дистанция/количество,адрес,время работы) совпадает с отображаемым числом 
2017-04-03 13:49:21,102 INFO o.a.l.l.Logger [main] Сортировка аптек по остатку по возрастанию прошла успешно 
2017-04-03 13:49:21,929 INFO o.a.l.l.Logger [main] Сортировка аптек по остатку по убыванию прошла успешно 
2017-04-03 13:49:22,898 INFO o.a.l.l.Logger [main] Сортировка аптек по цене по возростанию прошла успешно 
2017-04-03 13:49:23,646 INFO o.a.l.l.Logger [main] Сортировка аптек по цене по убыванию прошла успешно 
2017-04-03 13:49:24,536 INFO o.a.l.l.Logger [main] Сортировка аптек по времени в пути по возрастанию прошла успешно 
2017-04-03 13:49:25,299 INFO o.a.l.l.Logger [main] Сортировка аптек по времени в пути по убыванию прошла успешно 
2017-04-03 14:21:51,450 INFO o.a.l.l.Logger [main] actual 29 
2017-04-03 14:21:51,500 INFO o.a.l.l.Logger [main] expected 29 
2017-04-03 14:21:51,525 INFO o.a.l.l.Logger [main] actual 29 
2017-04-03 14:21:51,546 INFO o.a.l.l.Logger [main] expected 29 
2017-04-03 14:21:51,567 INFO o.a.l.l.Logger [main] actual 29 
2017-04-03 14:21:51,584 INFO o.a.l.l.Logger [main] expected 29 
2017-04-03 14:21:51,604 INFO o.a.l.l.Logger [main] actual 29 
2017-04-03 14:21:51,624 INFO o.a.l.l.Logger [main] expected 29 
2017-04-03 14:21:51,646 INFO o.a.l.l.Logger [main] actual 29 
2017-04-03 14:21:51,668 INFO o.a.l.l.Logger [main] expected 29 
2017-04-03 14:21:51,668 INFO o.a.l.l.Logger [main] Количество найденных аптек(с параметрами цена/дистанция/количество,адрес,время работы) совпадает с отображаемым числом 
2017-04-03 14:21:59,117 INFO o.a.l.l.Logger [main] Сортировка аптек по остатку по возрастанию прошла успешно 
2017-04-03 14:21:59,912 INFO o.a.l.l.Logger [main] Сортировка аптек по остатку по убыванию прошла успешно 
2017-04-03 14:22:00,873 INFO o.a.l.l.Logger [main] Сортировка аптек по цене по возростанию прошла успешно 
2017-04-03 14:22:01,662 INFO o.a.l.l.Logger [main] Сортировка аптек по цене по убыванию прошла успешно 
2017-04-03 14:22:02,581 INFO o.a.l.l.Logger [main] Сортировка аптек по времени в пути по возрастанию прошла успешно 
2017-04-03 14:22:03,315 INFO o.a.l.l.Logger [main] Сортировка аптек по времени в пути по убыванию прошла успешно 
2017-04-03 14:46:35,390 INFO o.a.l.l.Logger [main] Количество найденных аптек(с параметрами цена/дистанция/количество,адрес,время работы) совпадает с отображаемым числом 
2017-04-03 14:46:42,876 INFO o.a.l.l.Logger [main] Сортировка аптек по остатку по возрастанию прошла успешно 
2017-04-03 14:46:43,618 INFO o.a.l.l.Logger [main] Сортировка аптек по остатку по убыванию прошла успешно 
2017-04-03 14:46:44,530 INFO o.a.l.l.Logger [main] Сортировка аптек по цене по возростанию прошла успешно 
2017-04-03 14:46:45,209 INFO o.a.l.l.Logger [main] Сортировка аптек по цене по убыванию прошла успешно 
2017-04-03 14:46:46,073 INFO o.a.l.l.Logger [main] Сортировка аптек по времени в пути по возрастанию прошла успешно 
2017-04-03 14:46:46,763 INFO o.a.l.l.Logger [main] Сортировка аптек по времени в пути по убыванию прошла успешно 
