2017-04-03 13:49:13,201 INFO o.a.l.l.Logger [main] actual 11 
2017-04-03 13:49:13,253 INFO o.a.l.l.Logger [main] expected 11 
2017-04-03 13:49:13,276 INFO o.a.l.l.Logger [main] actual 11 
2017-04-03 13:49:13,293 INFO o.a.l.l.Logger [main] expected 11 
2017-04-03 13:49:13,313 INFO o.a.l.l.Logger [main] actual 11 
2017-04-03 13:49:13,333 INFO o.a.l.l.Logger [main] expected 11 
2017-04-03 13:49:13,353 INFO o.a.l.l.Logger [main] actual 11 
2017-04-03 13:49:13,370 INFO o.a.l.l.Logger [main] expected 11 
2017-04-03 13:49:13,391 INFO o.a.l.l.Logger [main] actual 11 
2017-04-03 13:49:13,407 INFO o.a.l.l.Logger [main] expected 11 
2017-04-03 13:49:13,407 INFO o.a.l.l.Logger [main] Количество найденных аптек(с параметрами цена/дистанция/количество,адрес,время работы) совпадает с отображаемым числом 
2017-04-03 13:49:21,102 INFO o.a.l.l.Logger [main] Сортировка аптек по остатку по возрастанию прошла успешно 
2017-04-03 13:49:21,929 INFO o.a.l.l.Logger [main] Сортировка аптек по остатку по убыванию прошла успешно 
2017-04-03 13:49:22,898 INFO o.a.l.l.Logger [main] Сортировка аптек по цене по возростанию прошла успешно 
2017-04-03 13:49:23,646 INFO o.a.l.l.Logger [main] Сортировка аптек по цене по убыванию прошла успешно 
2017-04-03 13:49:24,536 INFO o.a.l.l.Logger [main] Сортировка аптек по времени в пути по возрастанию прошла успешно 
2017-04-03 13:49:25,299 INFO o.a.l.l.Logger [main] Сортировка аптек по времени в пути по убыванию прошла успешно 
2017-04-03 14:21:51,450 INFO o.a.l.l.Logger [main] actual 29 
2017-04-03 14:21:51,500 INFO o.a.l.l.Logger [main] expected 29 
2017-04-03 14:21:51,525 INFO o.a.l.l.Logger [main] actual 29 
2017-04-03 14:21:51,546 INFO o.a.l.l.Logger [main] expected 29 
2017-04-03 14:21:51,567 INFO o.a.l.l.Logger [main] actual 29 
2017-04-03 14:21:51,584 INFO o.a.l.l.Logger [main] expected 29 
2017-04-03 14:21:51,604 INFO o.a.l.l.Logger [main] actual 29 
2017-04-03 14:21:51,624 INFO o.a.l.l.Logger [main] expected 29 
2017-04-03 14:21:51,646 INFO o.a.l.l.Logger [main] actual 29 
2017-04-03 14:21:51,668 INFO o.a.l.l.Logger [main] expected 29 
2017-04-03 14:21:51,668 INFO o.a.l.l.Logger [main] Количество найденных аптек(с параметрами цена/дистанция/количество,адрес,время работы) совпадает с отображаемым числом 
2017-04-03 14:21:59,117 INFO o.a.l.l.Logger [main] Сортировка аптек по остатку по возрастанию прошла успешно 
2017-04-03 14:21:59,912 INFO o.a.l.l.Logger [main] Сортировка аптек по остатку по убыванию прошла успешно 
2017-04-03 14:22:00,873 INFO o.a.l.l.Logger [main] Сортировка аптек по цене по возростанию прошла успешно 
2017-04-03 14:22:01,662 INFO o.a.l.l.Logger [main] Сортировка аптек по цене по убыванию прошла успешно 
2017-04-03 14:22:02,581 INFO o.a.l.l.Logger [main] Сортировка аптек по времени в пути по возрастанию прошла успешно 
2017-04-03 14:22:03,315 INFO o.a.l.l.Logger [main] Сортировка аптек по времени в пути по убыванию прошла успешно 
2017-04-03 14:46:35,390 INFO o.a.l.l.Logger [main] Количество найденных аптек(с параметрами цена/дистанция/количество,адрес,время работы) совпадает с отображаемым числом 
2017-04-03 14:46:42,876 INFO o.a.l.l.Logger [main] Сортировка аптек по остатку по возрастанию прошла успешно 
2017-04-03 14:46:43,618 INFO o.a.l.l.Logger [main] Сортировка аптек по остатку по убыванию прошла успешно 
2017-04-03 14:46:44,530 INFO o.a.l.l.Logger [main] Сортировка аптек по цене по возростанию прошла успешно 
2017-04-03 14:46:45,209 INFO o.a.l.l.Logger [main] Сортировка аптек по цене по убыванию прошла успешно 
2017-04-03 14:46:46,073 INFO o.a.l.l.Logger [main] Сортировка аптек по времени в пути по возрастанию прошла успешно 
2017-04-03 14:46:46,763 INFO o.a.l.l.Logger [main] Сортировка аптек по времени в пути по убыванию прошла успешно 
2017-04-03 14:59:16,448 INFO o.a.l.l.Logger [main] actual 29 
2017-04-03 14:59:16,514 INFO o.a.l.l.Logger [main] expected 29 
2017-04-03 14:59:16,552 INFO o.a.l.l.Logger [main] actual 29 
2017-04-03 14:59:16,572 INFO o.a.l.l.Logger [main] expected 29 
2017-04-03 14:59:16,595 INFO o.a.l.l.Logger [main] actual 29 
2017-04-03 14:59:16,616 INFO o.a.l.l.Logger [main] expected 29 
2017-04-03 14:59:16,637 INFO o.a.l.l.Logger [main] actual 29 
2017-04-03 14:59:16,652 INFO o.a.l.l.Logger [main] expected 29 
2017-04-03 14:59:16,671 INFO o.a.l.l.Logger [main] actual 29 
2017-04-03 14:59:16,686 INFO o.a.l.l.Logger [main] expected 29 
2017-04-03 14:59:16,686 INFO o.a.l.l.Logger [main] Количество найденных аптек(с параметрами цена/дистанция/количество,адрес,время работы) совпадает с отображаемым числом 
2017-04-03 14:59:24,352 INFO o.a.l.l.Logger [main] Сортировка аптек по остатку по возрастанию прошла успешно 
2017-04-03 14:59:25,068 INFO o.a.l.l.Logger [main] Сортировка аптек по остатку по убыванию прошла успешно 
2017-04-03 14:59:25,957 INFO o.a.l.l.Logger [main] Сортировка аптек по цене по возростанию прошла успешно 
2017-04-03 14:59:26,629 INFO o.a.l.l.Logger [main] Сортировка аптек по цене по убыванию прошла успешно 
2017-04-03 14:59:27,357 INFO o.a.l.l.Logger [main] Сортировка аптек по времени в пути по возрастанию прошла успешно 
2017-04-03 14:59:28,046 INFO o.a.l.l.Logger [main] Сортировка аптек по времени в пути по убыванию прошла успешно 
2017-04-03 15:06:31,632 INFO o.a.l.l.Logger [main] actual 11 
2017-04-03 15:06:31,672 INFO o.a.l.l.Logger [main] expected 11 
2017-04-03 15:06:31,692 INFO o.a.l.l.Logger [main] actual 11 
2017-04-03 15:06:31,718 INFO o.a.l.l.Logger [main] expected 11 
2017-04-03 15:06:31,738 INFO o.a.l.l.Logger [main] actual 11 
2017-04-03 15:06:31,754 INFO o.a.l.l.Logger [main] expected 11 
2017-04-03 15:06:31,774 INFO o.a.l.l.Logger [main] actual 11 
2017-04-03 15:06:31,790 INFO o.a.l.l.Logger [main] expected 11 
2017-04-03 15:06:31,810 INFO o.a.l.l.Logger [main] actual 11 
2017-04-03 15:06:31,829 INFO o.a.l.l.Logger [main] expected 11 
2017-04-03 15:06:31,829 INFO o.a.l.l.Logger [main] Количество найденных аптек(с параметрами цена/дистанция/количество,адрес,время работы) совпадает с отображаемым числом 
2017-04-03 15:06:39,461 INFO o.a.l.l.Logger [main] Сортировка аптек по остатку по возрастанию прошла успешно 
2017-04-03 15:06:40,163 INFO o.a.l.l.Logger [main] Сортировка аптек по остатку по убыванию прошла успешно 
2017-04-03 15:06:41,060 INFO o.a.l.l.Logger [main] Сортировка аптек по цене по возростанию прошла успешно 
2017-04-03 15:06:41,737 INFO o.a.l.l.Logger [main] Сортировка аптек по цене по убыванию прошла успешно 
2017-04-03 15:06:42,468 INFO o.a.l.l.Logger [main] Сортировка аптек по времени в пути по возрастанию прошла успешно 
2017-04-03 15:06:43,157 INFO o.a.l.l.Logger [main] Сортировка аптек по времени в пути по убыванию прошла успешно 
2017-04-03 15:18:28,125 INFO o.a.l.l.Logger [main] actual 11 
2017-04-03 15:18:28,180 INFO o.a.l.l.Logger [main] expected 11 
2017-04-03 15:18:28,203 INFO o.a.l.l.Logger [main] actual 11 
2017-04-03 15:18:28,222 INFO o.a.l.l.Logger [main] expected 11 
2017-04-03 15:18:28,241 INFO o.a.l.l.Logger [main] actual 11 
2017-04-03 15:18:28,256 INFO o.a.l.l.Logger [main] expected 11 
2017-04-03 15:18:28,273 INFO o.a.l.l.Logger [main] actual 11 
2017-04-03 15:18:28,289 INFO o.a.l.l.Logger [main] expected 11 
2017-04-03 15:18:28,306 INFO o.a.l.l.Logger [main] actual 11 
2017-04-03 15:18:28,323 INFO o.a.l.l.Logger [main] expected 11 
2017-04-03 15:18:28,323 INFO o.a.l.l.Logger [main] Количество найденных аптек(с параметрами цена/дистанция/количество,адрес,время работы) совпадает с отображаемым числом 
2017-04-03 15:18:35,758 INFO o.a.l.l.Logger [main] Сортировка аптек по остатку по возрастанию прошла успешно 
2017-04-03 15:18:36,495 INFO o.a.l.l.Logger [main] Сортировка аптек по остатку по убыванию прошла успешно 
2017-04-03 15:18:37,387 INFO o.a.l.l.Logger [main] Сортировка аптек по цене по возростанию прошла успешно 
2017-04-03 15:18:38,057 INFO o.a.l.l.Logger [main] Сортировка аптек по цене по убыванию прошла успешно 
2017-04-03 15:18:38,804 INFO o.a.l.l.Logger [main] Сортировка аптек по времени в пути по возрастанию прошла успешно 
2017-04-03 15:18:39,497 INFO o.a.l.l.Logger [main] Сортировка аптек по времени в пути по убыванию прошла успешно 
